  복원할 프로젝트를 확인하는 중...
  복원할 모든 프로젝트가 최신 상태입니다.
  Lib.Db -> C:\Users\js\Documents\BOWOO\20251229\LIB.DB\Lib.Db\bin\Debug\net10.0\Lib.Db.dll
  Lib.Db.TvpGen -> C:\Users\js\Documents\BOWOO\20251229\LIB.DB\Lib.Db.TvpGen\bin\Debug\net10.0\Lib.Db.TvpGen.dll
C:\Program Files\dotnet\sdk\10.0.101\Microsoft.Common.CurrentVersion.targets(2437,5): warning MSB3277: 해결할 수 없는 "Microsoft.CodeAnalysis"의 다른 버전 간 충돌이 발견되었습니다. [C:\Users\js\Documents\BOWOO\20251229\LIB.DB\Tests\Lib.Db.TestSuite\Lib.Db.TestSuite.csproj]
C:\Program Files\dotnet\sdk\10.0.101\Microsoft.Common.CurrentVersion.targets(2437,5): warning MSB3277: "Microsoft.CodeAnalysis, Version=4.14.0.0, Culture=neutral, PublicKeyToken=31bf3856ad364e35"과(와) "Microsoft.CodeAnalysis, Version=5.0.0.0, Culture=neutral, PublicKeyToken=31bf3856ad364e35" 사이에 충돌이 발생했습니다. [C:\Users\js\Documents\BOWOO\20251229\LIB.DB\Tests\Lib.Db.TestSuite\Lib.Db.TestSuite.csproj]
C:\Program Files\dotnet\sdk\10.0.101\Microsoft.Common.CurrentVersion.targets(2437,5): warning MSB3277:     "Microsoft.CodeAnalysis, Version=4.14.0.0, Culture=neutral, PublicKeyToken=31bf3856ad364e35"이(가) 기본 항목이므로 선택되었습니다. "Microsoft.CodeAnalysis, Version=5.0.0.0, Culture=neutral, PublicKeyToken=31bf3856ad364e35"은(는) 기본 항목이 아닙니다. [C:\Users\js\Documents\BOWOO\20251229\LIB.DB\Tests\Lib.Db.TestSuite\Lib.Db.TestSuite.csproj]
C:\Program Files\dotnet\sdk\10.0.101\Microsoft.Common.CurrentVersion.targets(2437,5): warning MSB3277:     "Microsoft.CodeAnalysis, Version=4.14.0.0, Culture=neutral, PublicKeyToken=31bf3856ad364e35"[C:\Users\js\.nuget\packages\microsoft.codeanalysis.common\4.14.0\lib\net9.0\Microsoft.CodeAnalysis.dll]에 종속되는 참조입니다. [C:\Users\js\Documents\BOWOO\20251229\LIB.DB\Tests\Lib.Db.TestSuite\Lib.Db.TestSuite.csproj]
C:\Program Files\dotnet\sdk\10.0.101\Microsoft.Common.CurrentVersion.targets(2437,5): warning MSB3277:         C:\Users\js\.nuget\packages\microsoft.codeanalysis.common\4.14.0\lib\net9.0\Microsoft.CodeAnalysis.dll [C:\Users\js\Documents\BOWOO\20251229\LIB.DB\Tests\Lib.Db.TestSuite\Lib.Db.TestSuite.csproj]
C:\Program Files\dotnet\sdk\10.0.101\Microsoft.Common.CurrentVersion.targets(2437,5): warning MSB3277:           "C:\Users\js\.nuget\packages\microsoft.codeanalysis.common\4.14.0\lib\net9.0\Microsoft.CodeAnalysis.dll" 참조를 발생시킨 프로젝트 파일 항목 Include입니다. [C:\Users\js\Documents\BOWOO\20251229\LIB.DB\Tests\Lib.Db.TestSuite\Lib.Db.TestSuite.csproj]
C:\Program Files\dotnet\sdk\10.0.101\Microsoft.Common.CurrentVersion.targets(2437,5): warning MSB3277:             C:\Users\js\.nuget\packages\microsoft.codeanalysis.common\4.14.0\lib\net9.0\Microsoft.CodeAnalysis.dll [C:\Users\js\Documents\BOWOO\20251229\LIB.DB\Tests\Lib.Db.TestSuite\Lib.Db.TestSuite.csproj]
C:\Program Files\dotnet\sdk\10.0.101\Microsoft.Common.CurrentVersion.targets(2437,5): warning MSB3277:     "Microsoft.CodeAnalysis, Version=5.0.0.0, Culture=neutral, PublicKeyToken=31bf3856ad364e35" []에 종속되거나 통합된 참조입니다. [C:\Users\js\Documents\BOWOO\20251229\LIB.DB\Tests\Lib.Db.TestSuite\Lib.Db.TestSuite.csproj]
C:\Program Files\dotnet\sdk\10.0.101\Microsoft.Common.CurrentVersion.targets(2437,5): warning MSB3277:         C:\Users\js\Documents\BOWOO\20251229\LIB.DB\Lib.Db.TvpGen\bin\Debug\net10.0\Lib.Db.TvpGen.dll [C:\Users\js\Documents\BOWOO\20251229\LIB.DB\Tests\Lib.Db.TestSuite\Lib.Db.TestSuite.csproj]
C:\Program Files\dotnet\sdk\10.0.101\Microsoft.Common.CurrentVersion.targets(2437,5): warning MSB3277:           "C:\Users\js\Documents\BOWOO\20251229\LIB.DB\Lib.Db.TvpGen\bin\Debug\net10.0\Lib.Db.TvpGen.dll" 참조를 발생시킨 프로젝트 파일 항목 Include입니다. [C:\Users\js\Documents\BOWOO\20251229\LIB.DB\Tests\Lib.Db.TestSuite\Lib.Db.TestSuite.csproj]
C:\Program Files\dotnet\sdk\10.0.101\Microsoft.Common.CurrentVersion.targets(2437,5): warning MSB3277:             C:\Users\js\Documents\BOWOO\20251229\LIB.DB\Lib.Db.TvpGen\bin\Debug\net10.0\Lib.Db.TvpGen.dll [C:\Users\js\Documents\BOWOO\20251229\LIB.DB\Tests\Lib.Db.TestSuite\Lib.Db.TestSuite.csproj]
C:\Program Files\dotnet\sdk\10.0.101\Microsoft.Common.CurrentVersion.targets(2437,5): warning MSB3277: 해결할 수 없는 "Microsoft.CodeAnalysis.CSharp"의 다른 버전 간 충돌이 발견되었습니다. [C:\Users\js\Documents\BOWOO\20251229\LIB.DB\Tests\Lib.Db.TestSuite\Lib.Db.TestSuite.csproj]
C:\Program Files\dotnet\sdk\10.0.101\Microsoft.Common.CurrentVersion.targets(2437,5): warning MSB3277: "Microsoft.CodeAnalysis.CSharp, Version=4.14.0.0, Culture=neutral, PublicKeyToken=31bf3856ad364e35"과(와) "Microsoft.CodeAnalysis.CSharp, Version=5.0.0.0, Culture=neutral, PublicKeyToken=31bf3856ad364e35" 사이에 충돌이 발생했습니다. [C:\Users\js\Documents\BOWOO\20251229\LIB.DB\Tests\Lib.Db.TestSuite\Lib.Db.TestSuite.csproj]
C:\Program Files\dotnet\sdk\10.0.101\Microsoft.Common.CurrentVersion.targets(2437,5): warning MSB3277:     "Microsoft.CodeAnalysis.CSharp, Version=4.14.0.0, Culture=neutral, PublicKeyToken=31bf3856ad364e35"이(가) 기본 항목이므로 선택되었습니다. "Microsoft.CodeAnalysis.CSharp, Version=5.0.0.0, Culture=neutral, PublicKeyToken=31bf3856ad364e35"은(는) 기본 항목이 아닙니다. [C:\Users\js\Documents\BOWOO\20251229\LIB.DB\Tests\Lib.Db.TestSuite\Lib.Db.TestSuite.csproj]
C:\Program Files\dotnet\sdk\10.0.101\Microsoft.Common.CurrentVersion.targets(2437,5): warning MSB3277:     "Microsoft.CodeAnalysis.CSharp, Version=4.14.0.0, Culture=neutral, PublicKeyToken=31bf3856ad364e35"[C:\Users\js\.nuget\packages\microsoft.codeanalysis.csharp\4.14.0\lib\net9.0\Microsoft.CodeAnalysis.CSharp.dll]에 종속되는 참조입니다. [C:\Users\js\Documents\BOWOO\20251229\LIB.DB\Tests\Lib.Db.TestSuite\Lib.Db.TestSuite.csproj]
C:\Program Files\dotnet\sdk\10.0.101\Microsoft.Common.CurrentVersion.targets(2437,5): warning MSB3277:         C:\Users\js\.nuget\packages\microsoft.codeanalysis.csharp\4.14.0\lib\net9.0\Microsoft.CodeAnalysis.CSharp.dll [C:\Users\js\Documents\BOWOO\20251229\LIB.DB\Tests\Lib.Db.TestSuite\Lib.Db.TestSuite.csproj]
C:\Program Files\dotnet\sdk\10.0.101\Microsoft.Common.CurrentVersion.targets(2437,5): warning MSB3277:           "C:\Users\js\.nuget\packages\microsoft.codeanalysis.csharp\4.14.0\lib\net9.0\Microsoft.CodeAnalysis.CSharp.dll" 참조를 발생시킨 프로젝트 파일 항목 Include입니다. [C:\Users\js\Documents\BOWOO\20251229\LIB.DB\Tests\Lib.Db.TestSuite\Lib.Db.TestSuite.csproj]
C:\Program Files\dotnet\sdk\10.0.101\Microsoft.Common.CurrentVersion.targets(2437,5): warning MSB3277:             C:\Users\js\.nuget\packages\microsoft.codeanalysis.csharp\4.14.0\lib\net9.0\Microsoft.CodeAnalysis.CSharp.dll [C:\Users\js\Documents\BOWOO\20251229\LIB.DB\Tests\Lib.Db.TestSuite\Lib.Db.TestSuite.csproj]
C:\Program Files\dotnet\sdk\10.0.101\Microsoft.Common.CurrentVersion.targets(2437,5): warning MSB3277:     "Microsoft.CodeAnalysis.CSharp, Version=5.0.0.0, Culture=neutral, PublicKeyToken=31bf3856ad364e35" []에 종속되거나 통합된 참조입니다. [C:\Users\js\Documents\BOWOO\20251229\LIB.DB\Tests\Lib.Db.TestSuite\Lib.Db.TestSuite.csproj]
C:\Program Files\dotnet\sdk\10.0.101\Microsoft.Common.CurrentVersion.targets(2437,5): warning MSB3277:         C:\Users\js\Documents\BOWOO\20251229\LIB.DB\Lib.Db.TvpGen\bin\Debug\net10.0\Lib.Db.TvpGen.dll [C:\Users\js\Documents\BOWOO\20251229\LIB.DB\Tests\Lib.Db.TestSuite\Lib.Db.TestSuite.csproj]
C:\Program Files\dotnet\sdk\10.0.101\Microsoft.Common.CurrentVersion.targets(2437,5): warning MSB3277:           "C:\Users\js\Documents\BOWOO\20251229\LIB.DB\Lib.Db.TvpGen\bin\Debug\net10.0\Lib.Db.TvpGen.dll" 참조를 발생시킨 프로젝트 파일 항목 Include입니다. [C:\Users\js\Documents\BOWOO\20251229\LIB.DB\Tests\Lib.Db.TestSuite\Lib.Db.TestSuite.csproj]
C:\Program Files\dotnet\sdk\10.0.101\Microsoft.Common.CurrentVersion.targets(2437,5): warning MSB3277:             C:\Users\js\Documents\BOWOO\20251229\LIB.DB\Lib.Db.TvpGen\bin\Debug\net10.0\Lib.Db.TvpGen.dll [C:\Users\js\Documents\BOWOO\20251229\LIB.DB\Tests\Lib.Db.TestSuite\Lib.Db.TestSuite.csproj]
C:\Users\js\Documents\BOWOO\20251229\LIB.DB\Tests\Lib.Db.TestSuite\Aot\AotRegistryTests.cs(37,17): warning CS8602: null 가능 참조에 대한 역참조입니다. [C:\Users\js\Documents\BOWOO\20251229\LIB.DB\Tests\Lib.Db.TestSuite\Lib.Db.TestSuite.csproj]
C:\Users\js\Documents\BOWOO\20251229\LIB.DB\Tests\Lib.Db.TestSuite\obj\Debug\net10.0\Lib.Db.TvpGen\Lib.Db.TvpGen.TvpAccessorGenerator\Lib_Db_Verification_Tests_PerfBulkInsertTvp_TvpRegistry.g.cs(68,26): warning CS8604: 'void ITvpColumn<string>.Add(string value)'의 매개 변수 'value'에 대한 가능한 null 참조 인수입니다. [C:\Users\js\Documents\BOWOO\20251229\LIB.DB\Tests\Lib.Db.TestSuite\Lib.Db.TestSuite.csproj]
C:\Users\js\Documents\BOWOO\20251229\LIB.DB\Tests\Lib.Db.TestSuite\obj\Debug\net10.0\Lib.Db.TvpGen\Lib.Db.TvpGen.TvpAccessorGenerator\Lib_Db_Verification_Tests_TvpSchemaMismatch_TvpRegistry.g.cs(69,26): warning CS8604: 'void ITvpColumn<string>.Add(string value)'의 매개 변수 'value'에 대한 가능한 null 참조 인수입니다. [C:\Users\js\Documents\BOWOO\20251229\LIB.DB\Tests\Lib.Db.TestSuite\Lib.Db.TestSuite.csproj]
C:\Users\js\Documents\BOWOO\20251229\LIB.DB\Tests\Lib.Db.TestSuite\obj\Debug\net10.0\Lib.Db.TvpGen\Lib.Db.TvpGen.TvpAccessorGenerator\Lib_Db_TestSuite_Live_BulkTestItem_TvpRegistry.g.cs(68,26): warning CS8604: 'void ITvpColumn<string>.Add(string value)'의 매개 변수 'value'에 대한 가능한 null 참조 인수입니다. [C:\Users\js\Documents\BOWOO\20251229\LIB.DB\Tests\Lib.Db.TestSuite\Lib.Db.TestSuite.csproj]
C:\Users\js\Documents\BOWOO\20251229\LIB.DB\Tests\Lib.Db.TestSuite\obj\Debug\net10.0\Lib.Db.TvpGen\Lib.Db.TvpGen.TvpAccessorGenerator\Lib_Db_TestSuite_Aot_AotDto_TvpRegistry.g.cs(142,17): warning CS0162: 접근할 수 없는 코드가 있습니다. [C:\Users\js\Documents\BOWOO\20251229\LIB.DB\Tests\Lib.Db.TestSuite\Lib.Db.TestSuite.csproj]
C:\Users\js\Documents\BOWOO\20251229\LIB.DB\Tests\Lib.Db.TestSuite\obj\Debug\net10.0\Lib.Db.TvpGen\Lib.Db.TvpGen.TvpAccessorGenerator\Lib_Db_TestSuite_Aot_AotDto_TvpRegistry.g.cs(150,29): warning CS0162: 접근할 수 없는 코드가 있습니다. [C:\Users\js\Documents\BOWOO\20251229\LIB.DB\Tests\Lib.Db.TestSuite\Lib.Db.TestSuite.csproj]
C:\Users\js\Documents\BOWOO\20251229\LIB.DB\Tests\Lib.Db.TestSuite\obj\Debug\net10.0\Lib.Db.TvpGen\Lib.Db.TvpGen.TvpAccessorGenerator\Lib_Db_TestSuite_Aot_AotDto_TvpRegistry.g.cs(157,29): warning CS0162: 접근할 수 없는 코드가 있습니다. [C:\Users\js\Documents\BOWOO\20251229\LIB.DB\Tests\Lib.Db.TestSuite\Lib.Db.TestSuite.csproj]
C:\Users\js\Documents\BOWOO\20251229\LIB.DB\Tests\Lib.Db.TestSuite\obj\Debug\net10.0\Lib.Db.TvpGen\Lib.Db.TvpGen.TvpAccessorGenerator\Lib_Db_TestSuite_Aot_AotDto_TvpRegistry.g.cs(163,34): warning CS0162: 접근할 수 없는 코드가 있습니다. [C:\Users\js\Documents\BOWOO\20251229\LIB.DB\Tests\Lib.Db.TestSuite\Lib.Db.TestSuite.csproj]
C:\Users\js\Documents\BOWOO\20251229\LIB.DB\Tests\Lib.Db.TestSuite\obj\Debug\net10.0\Lib.Db.TvpGen\Lib.Db.TvpGen.TvpAccessorGenerator\Lib_Db_TestSuite_Aot_AotDto_TvpRegistry.g.cs(201,17): warning CS0162: 접근할 수 없는 코드가 있습니다. [C:\Users\js\Documents\BOWOO\20251229\LIB.DB\Tests\Lib.Db.TestSuite\Lib.Db.TestSuite.csproj]
C:\Users\js\Documents\BOWOO\20251229\LIB.DB\Tests\Lib.Db.TestSuite\obj\Debug\net10.0\Lib.Db.TvpGen\Lib.Db.TvpGen.TvpAccessorGenerator\Lib_Db_Verification_Tests_PerfBulkInsertTvp_TvpRegistry.g.cs(142,17): warning CS0162: 접근할 수 없는 코드가 있습니다. [C:\Users\js\Documents\BOWOO\20251229\LIB.DB\Tests\Lib.Db.TestSuite\Lib.Db.TestSuite.csproj]
C:\Users\js\Documents\BOWOO\20251229\LIB.DB\Tests\Lib.Db.TestSuite\obj\Debug\net10.0\Lib.Db.TvpGen\Lib.Db.TvpGen.TvpAccessorGenerator\Lib_Db_Verification_Tests_PerfBulkInsertTvp_TvpRegistry.g.cs(150,29): warning CS0162: 접근할 수 없는 코드가 있습니다. [C:\Users\js\Documents\BOWOO\20251229\LIB.DB\Tests\Lib.Db.TestSuite\Lib.Db.TestSuite.csproj]
C:\Users\js\Documents\BOWOO\20251229\LIB.DB\Tests\Lib.Db.TestSuite\obj\Debug\net10.0\Lib.Db.TvpGen\Lib.Db.TvpGen.TvpAccessorGenerator\Lib_Db_Verification_Tests_PerfBulkInsertTvp_TvpRegistry.g.cs(157,29): warning CS0162: 접근할 수 없는 코드가 있습니다. [C:\Users\js\Documents\BOWOO\20251229\LIB.DB\Tests\Lib.Db.TestSuite\Lib.Db.TestSuite.csproj]
C:\Users\js\Documents\BOWOO\20251229\LIB.DB\Tests\Lib.Db.TestSuite\obj\Debug\net10.0\Lib.Db.TvpGen\Lib.Db.TvpGen.TvpAccessorGenerator\Lib_Db_Verification_Tests_PerfBulkInsertTvp_TvpRegistry.g.cs(163,34): warning CS0162: 접근할 수 없는 코드가 있습니다. [C:\Users\js\Documents\BOWOO\20251229\LIB.DB\Tests\Lib.Db.TestSuite\Lib.Db.TestSuite.csproj]
C:\Users\js\Documents\BOWOO\20251229\LIB.DB\Tests\Lib.Db.TestSuite\obj\Debug\net10.0\Lib.Db.TvpGen\Lib.Db.TvpGen.TvpAccessorGenerator\Lib_Db_Verification_Tests_PerfBulkInsertTvp_TvpRegistry.g.cs(201,17): warning CS0162: 접근할 수 없는 코드가 있습니다. [C:\Users\js\Documents\BOWOO\20251229\LIB.DB\Tests\Lib.Db.TestSuite\Lib.Db.TestSuite.csproj]
C:\Users\js\Documents\BOWOO\20251229\LIB.DB\Tests\Lib.Db.TestSuite\obj\Debug\net10.0\Lib.Db.TvpGen\Lib.Db.TvpGen.TvpAccessorGenerator\Lib_Db_Verification_Tests_TvpNullable_TvpRegistry.g.cs(151,17): warning CS0162: 접근할 수 없는 코드가 있습니다. [C:\Users\js\Documents\BOWOO\20251229\LIB.DB\Tests\Lib.Db.TestSuite\Lib.Db.TestSuite.csproj]
C:\Users\js\Documents\BOWOO\20251229\LIB.DB\Tests\Lib.Db.TestSuite\obj\Debug\net10.0\Lib.Db.TvpGen\Lib.Db.TvpGen.TvpAccessorGenerator\Lib_Db_Verification_Tests_TvpNullable_TvpRegistry.g.cs(159,29): warning CS0162: 접근할 수 없는 코드가 있습니다. [C:\Users\js\Documents\BOWOO\20251229\LIB.DB\Tests\Lib.Db.TestSuite\Lib.Db.TestSuite.csproj]
C:\Users\js\Documents\BOWOO\20251229\LIB.DB\Tests\Lib.Db.TestSuite\obj\Debug\net10.0\Lib.Db.TvpGen\Lib.Db.TvpGen.TvpAccessorGenerator\Lib_Db_Verification_Tests_TvpNullable_TvpRegistry.g.cs(166,29): warning CS0162: 접근할 수 없는 코드가 있습니다. [C:\Users\js\Documents\BOWOO\20251229\LIB.DB\Tests\Lib.Db.TestSuite\Lib.Db.TestSuite.csproj]
C:\Users\js\Documents\BOWOO\20251229\LIB.DB\Tests\Lib.Db.TestSuite\obj\Debug\net10.0\Lib.Db.TvpGen\Lib.Db.TvpGen.TvpAccessorGenerator\Lib_Db_Verification_Tests_TvpNullable_TvpRegistry.g.cs(173,29): warning CS0162: 접근할 수 없는 코드가 있습니다. [C:\Users\js\Documents\BOWOO\20251229\LIB.DB\Tests\Lib.Db.TestSuite\Lib.Db.TestSuite.csproj]
C:\Users\js\Documents\BOWOO\20251229\LIB.DB\Tests\Lib.Db.TestSuite\obj\Debug\net10.0\Lib.Db.TvpGen\Lib.Db.TvpGen.TvpAccessorGenerator\Lib_Db_Verification_Tests_TvpNullable_TvpRegistry.g.cs(179,34): warning CS0162: 접근할 수 없는 코드가 있습니다. [C:\Users\js\Documents\BOWOO\20251229\LIB.DB\Tests\Lib.Db.TestSuite\Lib.Db.TestSuite.csproj]
C:\Users\js\Documents\BOWOO\20251229\LIB.DB\Tests\Lib.Db.TestSuite\obj\Debug\net10.0\Lib.Db.TvpGen\Lib.Db.TvpGen.TvpAccessorGenerator\Lib_Db_Verification_Tests_TvpNullable_TvpRegistry.g.cs(221,17): warning CS0162: 접근할 수 없는 코드가 있습니다. [C:\Users\js\Documents\BOWOO\20251229\LIB.DB\Tests\Lib.Db.TestSuite\Lib.Db.TestSuite.csproj]
C:\Users\js\Documents\BOWOO\20251229\LIB.DB\Tests\Lib.Db.TestSuite\obj\Debug\net10.0\Lib.Db.TvpGen\Lib.Db.TvpGen.TvpAccessorGenerator\Lib_Db_Verification_Tests_CoreUserTvp_TvpRegistry.g.cs(151,17): warning CS0162: 접근할 수 없는 코드가 있습니다. [C:\Users\js\Documents\BOWOO\20251229\LIB.DB\Tests\Lib.Db.TestSuite\Lib.Db.TestSuite.csproj]
C:\Users\js\Documents\BOWOO\20251229\LIB.DB\Tests\Lib.Db.TestSuite\obj\Debug\net10.0\Lib.Db.TvpGen\Lib.Db.TvpGen.TvpAccessorGenerator\Lib_Db_Verification_Tests_CoreUserTvp_TvpRegistry.g.cs(159,29): warning CS0162: 접근할 수 없는 코드가 있습니다. [C:\Users\js\Documents\BOWOO\20251229\LIB.DB\Tests\Lib.Db.TestSuite\Lib.Db.TestSuite.csproj]
C:\Users\js\Documents\BOWOO\20251229\LIB.DB\Tests\Lib.Db.TestSuite\obj\Debug\net10.0\Lib.Db.TvpGen\Lib.Db.TvpGen.TvpAccessorGenerator\Lib_Db_Verification_Tests_CoreUserTvp_TvpRegistry.g.cs(166,29): warning CS0162: 접근할 수 없는 코드가 있습니다. [C:\Users\js\Documents\BOWOO\20251229\LIB.DB\Tests\Lib.Db.TestSuite\Lib.Db.TestSuite.csproj]
C:\Users\js\Documents\BOWOO\20251229\LIB.DB\Tests\Lib.Db.TestSuite\obj\Debug\net10.0\Lib.Db.TvpGen\Lib.Db.TvpGen.TvpAccessorGenerator\Lib_Db_Verification_Tests_CoreUserTvp_TvpRegistry.g.cs(173,29): warning CS0162: 접근할 수 없는 코드가 있습니다. [C:\Users\js\Documents\BOWOO\20251229\LIB.DB\Tests\Lib.Db.TestSuite\Lib.Db.TestSuite.csproj]
C:\Users\js\Documents\BOWOO\20251229\LIB.DB\Tests\Lib.Db.TestSuite\obj\Debug\net10.0\Lib.Db.TvpGen\Lib.Db.TvpGen.TvpAccessorGenerator\Lib_Db_Verification_Tests_CoreUserTvp_TvpRegistry.g.cs(179,34): warning CS0162: 접근할 수 없는 코드가 있습니다. [C:\Users\js\Documents\BOWOO\20251229\LIB.DB\Tests\Lib.Db.TestSuite\Lib.Db.TestSuite.csproj]
C:\Users\js\Documents\BOWOO\20251229\LIB.DB\Tests\Lib.Db.TestSuite\obj\Debug\net10.0\Lib.Db.TvpGen\Lib.Db.TvpGen.TvpAccessorGenerator\Lib_Db_Verification_Tests_CoreUserTvp_TvpRegistry.g.cs(221,17): warning CS0162: 접근할 수 없는 코드가 있습니다. [C:\Users\js\Documents\BOWOO\20251229\LIB.DB\Tests\Lib.Db.TestSuite\Lib.Db.TestSuite.csproj]
C:\Users\js\Documents\BOWOO\20251229\LIB.DB\Tests\Lib.Db.TestSuite\obj\Debug\net10.0\Lib.Db.TvpGen\Lib.Db.TvpGen.TvpAccessorGenerator\Lib_Db_TestSuite_Live_AllTypesTvp_TvpRegistry.g.cs(169,17): warning CS0162: 접근할 수 없는 코드가 있습니다. [C:\Users\js\Documents\BOWOO\20251229\LIB.DB\Tests\Lib.Db.TestSuite\Lib.Db.TestSuite.csproj]
C:\Users\js\Documents\BOWOO\20251229\LIB.DB\Tests\Lib.Db.TestSuite\obj\Debug\net10.0\Lib.Db.TvpGen\Lib.Db.TvpGen.TvpAccessorGenerator\Lib_Db_TestSuite_Live_AllTypesTvp_TvpRegistry.g.cs(177,29): warning CS0162: 접근할 수 없는 코드가 있습니다. [C:\Users\js\Documents\BOWOO\20251229\LIB.DB\Tests\Lib.Db.TestSuite\Lib.Db.TestSuite.csproj]
C:\Users\js\Documents\BOWOO\20251229\LIB.DB\Tests\Lib.Db.TestSuite\obj\Debug\net10.0\Lib.Db.TvpGen\Lib.Db.TvpGen.TvpAccessorGenerator\Lib_Db_TestSuite_Live_AllTypesTvp_TvpRegistry.g.cs(184,29): warning CS0162: 접근할 수 없는 코드가 있습니다. [C:\Users\js\Documents\BOWOO\20251229\LIB.DB\Tests\Lib.Db.TestSuite\Lib.Db.TestSuite.csproj]
C:\Users\js\Documents\BOWOO\20251229\LIB.DB\Tests\Lib.Db.TestSuite\obj\Debug\net10.0\Lib.Db.TvpGen\Lib.Db.TvpGen.TvpAccessorGenerator\Lib_Db_TestSuite_Live_AllTypesTvp_TvpRegistry.g.cs(191,29): warning CS0162: 접근할 수 없는 코드가 있습니다. [C:\Users\js\Documents\BOWOO\20251229\LIB.DB\Tests\Lib.Db.TestSuite\Lib.Db.TestSuite.csproj]
C:\Users\js\Documents\BOWOO\20251229\LIB.DB\Tests\Lib.Db.TestSuite\obj\Debug\net10.0\Lib.Db.TvpGen\Lib.Db.TvpGen.TvpAccessorGenerator\Lib_Db_TestSuite_Live_AllTypesTvp_TvpRegistry.g.cs(198,29): warning CS0162: 접근할 수 없는 코드가 있습니다. [C:\Users\js\Documents\BOWOO\20251229\LIB.DB\Tests\Lib.Db.TestSuite\Lib.Db.TestSuite.csproj]
C:\Users\js\Documents\BOWOO\20251229\LIB.DB\Tests\Lib.Db.TestSuite\obj\Debug\net10.0\Lib.Db.TvpGen\Lib.Db.TvpGen.TvpAccessorGenerator\Lib_Db_TestSuite_Live_AllTypesTvp_TvpRegistry.g.cs(205,29): warning CS0162: 접근할 수 없는 코드가 있습니다. [C:\Users\js\Documents\BOWOO\20251229\LIB.DB\Tests\Lib.Db.TestSuite\Lib.Db.TestSuite.csproj]
C:\Users\js\Documents\BOWOO\20251229\LIB.DB\Tests\Lib.Db.TestSuite\obj\Debug\net10.0\Lib.Db.TvpGen\Lib.Db.TvpGen.TvpAccessorGenerator\Lib_Db_TestSuite_Live_AllTypesTvp_TvpRegistry.g.cs(211,34): warning CS0162: 접근할 수 없는 코드가 있습니다. [C:\Users\js\Documents\BOWOO\20251229\LIB.DB\Tests\Lib.Db.TestSuite\Lib.Db.TestSuite.csproj]
C:\Users\js\Documents\BOWOO\20251229\LIB.DB\Tests\Lib.Db.TestSuite\obj\Debug\net10.0\Lib.Db.TvpGen\Lib.Db.TvpGen.TvpAccessorGenerator\Lib_Db_TestSuite_Live_AllTypesTvp_TvpRegistry.g.cs(261,17): warning CS0162: 접근할 수 없는 코드가 있습니다. [C:\Users\js\Documents\BOWOO\20251229\LIB.DB\Tests\Lib.Db.TestSuite\Lib.Db.TestSuite.csproj]
C:\Users\js\Documents\BOWOO\20251229\LIB.DB\Tests\Lib.Db.TestSuite\obj\Debug\net10.0\Lib.Db.TvpGen\Lib.Db.TvpGen.TvpAccessorGenerator\Lib_Db_TestSuite_Live_BulkTestItem_TvpRegistry.g.cs(142,17): warning CS0162: 접근할 수 없는 코드가 있습니다. [C:\Users\js\Documents\BOWOO\20251229\LIB.DB\Tests\Lib.Db.TestSuite\Lib.Db.TestSuite.csproj]
C:\Users\js\Documents\BOWOO\20251229\LIB.DB\Tests\Lib.Db.TestSuite\obj\Debug\net10.0\Lib.Db.TvpGen\Lib.Db.TvpGen.TvpAccessorGenerator\Lib_Db_TestSuite_Live_BulkTestItem_TvpRegistry.g.cs(150,29): warning CS0162: 접근할 수 없는 코드가 있습니다. [C:\Users\js\Documents\BOWOO\20251229\LIB.DB\Tests\Lib.Db.TestSuite\Lib.Db.TestSuite.csproj]
C:\Users\js\Documents\BOWOO\20251229\LIB.DB\Tests\Lib.Db.TestSuite\obj\Debug\net10.0\Lib.Db.TvpGen\Lib.Db.TvpGen.TvpAccessorGenerator\Lib_Db_TestSuite_Live_BulkTestItem_TvpRegistry.g.cs(157,29): warning CS0162: 접근할 수 없는 코드가 있습니다. [C:\Users\js\Documents\BOWOO\20251229\LIB.DB\Tests\Lib.Db.TestSuite\Lib.Db.TestSuite.csproj]
C:\Users\js\Documents\BOWOO\20251229\LIB.DB\Tests\Lib.Db.TestSuite\obj\Debug\net10.0\Lib.Db.TvpGen\Lib.Db.TvpGen.TvpAccessorGenerator\Lib_Db_TestSuite_Live_BulkTestItem_TvpRegistry.g.cs(163,34): warning CS0162: 접근할 수 없는 코드가 있습니다. [C:\Users\js\Documents\BOWOO\20251229\LIB.DB\Tests\Lib.Db.TestSuite\Lib.Db.TestSuite.csproj]
C:\Users\js\Documents\BOWOO\20251229\LIB.DB\Tests\Lib.Db.TestSuite\obj\Debug\net10.0\Lib.Db.TvpGen\Lib.Db.TvpGen.TvpAccessorGenerator\Lib_Db_TestSuite_Live_BulkTestItem_TvpRegistry.g.cs(201,17): warning CS0162: 접근할 수 없는 코드가 있습니다. [C:\Users\js\Documents\BOWOO\20251229\LIB.DB\Tests\Lib.Db.TestSuite\Lib.Db.TestSuite.csproj]
C:\Users\js\Documents\BOWOO\20251229\LIB.DB\Tests\Lib.Db.TestSuite\Integration\Diagnostics\DbDiagnosticsTests.cs(52,43): warning CS8602: null 가능 참조에 대한 역참조입니다. [C:\Users\js\Documents\BOWOO\20251229\LIB.DB\Tests\Lib.Db.TestSuite\Lib.Db.TestSuite.csproj]
C:\Users\js\Documents\BOWOO\20251229\LIB.DB\Tests\Lib.Db.TestSuite\obj\Debug\net10.0\Lib.Db.TvpGen\Lib.Db.TvpGen.TvpAccessorGenerator\Lib_Db_Verification_Tests_TvpSchemaMismatch_TvpRegistry.g.cs(151,17): warning CS0162: 접근할 수 없는 코드가 있습니다. [C:\Users\js\Documents\BOWOO\20251229\LIB.DB\Tests\Lib.Db.TestSuite\Lib.Db.TestSuite.csproj]
C:\Users\js\Documents\BOWOO\20251229\LIB.DB\Tests\Lib.Db.TestSuite\obj\Debug\net10.0\Lib.Db.TvpGen\Lib.Db.TvpGen.TvpAccessorGenerator\Lib_Db_Verification_Tests_TvpSchemaMismatch_TvpRegistry.g.cs(159,29): warning CS0162: 접근할 수 없는 코드가 있습니다. [C:\Users\js\Documents\BOWOO\20251229\LIB.DB\Tests\Lib.Db.TestSuite\Lib.Db.TestSuite.csproj]
C:\Users\js\Documents\BOWOO\20251229\LIB.DB\Tests\Lib.Db.TestSuite\obj\Debug\net10.0\Lib.Db.TvpGen\Lib.Db.TvpGen.TvpAccessorGenerator\Lib_Db_Verification_Tests_TvpSchemaMismatch_TvpRegistry.g.cs(166,29): warning CS0162: 접근할 수 없는 코드가 있습니다. [C:\Users\js\Documents\BOWOO\20251229\LIB.DB\Tests\Lib.Db.TestSuite\Lib.Db.TestSuite.csproj]
C:\Users\js\Documents\BOWOO\20251229\LIB.DB\Tests\Lib.Db.TestSuite\obj\Debug\net10.0\Lib.Db.TvpGen\Lib.Db.TvpGen.TvpAccessorGenerator\Lib_Db_Verification_Tests_TvpSchemaMismatch_TvpRegistry.g.cs(173,29): warning CS0162: 접근할 수 없는 코드가 있습니다. [C:\Users\js\Documents\BOWOO\20251229\LIB.DB\Tests\Lib.Db.TestSuite\Lib.Db.TestSuite.csproj]
C:\Users\js\Documents\BOWOO\20251229\LIB.DB\Tests\Lib.Db.TestSuite\obj\Debug\net10.0\Lib.Db.TvpGen\Lib.Db.TvpGen.TvpAccessorGenerator\Lib_Db_Verification_Tests_TvpSchemaMismatch_TvpRegistry.g.cs(179,34): warning CS0162: 접근할 수 없는 코드가 있습니다. [C:\Users\js\Documents\BOWOO\20251229\LIB.DB\Tests\Lib.Db.TestSuite\Lib.Db.TestSuite.csproj]
C:\Users\js\Documents\BOWOO\20251229\LIB.DB\Tests\Lib.Db.TestSuite\obj\Debug\net10.0\Lib.Db.TvpGen\Lib.Db.TvpGen.TvpAccessorGenerator\Lib_Db_Verification_Tests_TvpSchemaMismatch_TvpRegistry.g.cs(221,17): warning CS0162: 접근할 수 없는 코드가 있습니다. [C:\Users\js\Documents\BOWOO\20251229\LIB.DB\Tests\Lib.Db.TestSuite\Lib.Db.TestSuite.csproj]
C:\Users\js\Documents\BOWOO\20251229\LIB.DB\Tests\Lib.Db.TestSuite\Integration\OriginalIntegration\IT01_RealDbConnectionTests.cs(43,32): warning CS8602: null 가능 참조에 대한 역참조입니다. [C:\Users\js\Documents\BOWOO\20251229\LIB.DB\Tests\Lib.Db.TestSuite\Lib.Db.TestSuite.csproj]
C:\Users\js\Documents\BOWOO\20251229\LIB.DB\Tests\Lib.Db.TestSuite\Integration\Diagnostics\DbDiagnosticsTests.cs(117,69): warning CS8600: null 리터럴 또는 가능한 null 값을 null을 허용하지 않는 형식으로 변환하는 중입니다. [C:\Users\js\Documents\BOWOO\20251229\LIB.DB\Tests\Lib.Db.TestSuite\Lib.Db.TestSuite.csproj]
C:\Users\js\Documents\BOWOO\20251229\LIB.DB\Tests\Lib.Db.TestSuite\Integration\Diagnostics\DbDiagnosticsTests.cs(118,68): warning CS8600: null 리터럴 또는 가능한 null 값을 null을 허용하지 않는 형식으로 변환하는 중입니다. [C:\Users\js\Documents\BOWOO\20251229\LIB.DB\Tests\Lib.Db.TestSuite\Lib.Db.TestSuite.csproj]
C:\Users\js\Documents\BOWOO\20251229\LIB.DB\Tests\Lib.Db.TestSuite\Integration\Diagnostics\DbDiagnosticsTests.cs(119,63): warning CS8600: null 리터럴 또는 가능한 null 값을 null을 허용하지 않는 형식으로 변환하는 중입니다. [C:\Users\js\Documents\BOWOO\20251229\LIB.DB\Tests\Lib.Db.TestSuite\Lib.Db.TestSuite.csproj]
C:\Users\js\Documents\BOWOO\20251229\LIB.DB\Tests\Lib.Db.TestSuite\Integration\Diagnostics\DbDiagnosticsTests.cs(120,69): warning CS8600: null 리터럴 또는 가능한 null 값을 null을 허용하지 않는 형식으로 변환하는 중입니다. [C:\Users\js\Documents\BOWOO\20251229\LIB.DB\Tests\Lib.Db.TestSuite\Lib.Db.TestSuite.csproj]
C:\Users\js\Documents\BOWOO\20251229\LIB.DB\Tests\Lib.Db.TestSuite\Infrastructure\SqlExceptionFactory.cs(64,16): warning SYSLIB0050: 'FormatterServices'은(는) 사용되지 않습니다. 'Formatter-based serialization is obsolete and should not be used.' (https://aka.ms/dotnet-warnings/SYSLIB0050) [C:\Users\js\Documents\BOWOO\20251229\LIB.DB\Tests\Lib.Db.TestSuite\Lib.Db.TestSuite.csproj]
C:\Users\js\Documents\BOWOO\20251229\LIB.DB\Tests\Lib.Db.TestSuite\Integration\OriginalIntegration\IT02_Perf_BulkInsert_Tvp_ShouldInsertRows_RealDb.cs(64,44): warning CS8602: null 가능 참조에 대한 역참조입니다. [C:\Users\js\Documents\BOWOO\20251229\LIB.DB\Tests\Lib.Db.TestSuite\Lib.Db.TestSuite.csproj]
C:\Users\js\Documents\BOWOO\20251229\LIB.DB\Tests\Lib.Db.TestSuite\Integration\OriginalIntegration\IT02_Perf_BulkInsert_Tvp_ShouldInsertRows_RealDb.cs(65,44): warning CS8602: null 가능 참조에 대한 역참조입니다. [C:\Users\js\Documents\BOWOO\20251229\LIB.DB\Tests\Lib.Db.TestSuite\Lib.Db.TestSuite.csproj]
C:\Users\js\Documents\BOWOO\20251229\LIB.DB\Tests\Lib.Db.TestSuite\Infrastructure\SqlExceptionFactory.cs(139,32): warning SYSLIB0050: 'FormatterServices'은(는) 사용되지 않습니다. 'Formatter-based serialization is obsolete and should not be used.' (https://aka.ms/dotnet-warnings/SYSLIB0050) [C:\Users\js\Documents\BOWOO\20251229\LIB.DB\Tests\Lib.Db.TestSuite\Lib.Db.TestSuite.csproj]
C:\Users\js\Documents\BOWOO\20251229\LIB.DB\Tests\Lib.Db.TestSuite\obj\Debug\net10.0\Lib.Db.TvpGen\Lib.Db.TvpGen.TvpAccessorGenerator\Lib_Db_Verification_Tests_TvpAllTypes_TvpRegistry.g.cs(169,17): warning CS0162: 접근할 수 없는 코드가 있습니다. [C:\Users\js\Documents\BOWOO\20251229\LIB.DB\Tests\Lib.Db.TestSuite\Lib.Db.TestSuite.csproj]
C:\Users\js\Documents\BOWOO\20251229\LIB.DB\Tests\Lib.Db.TestSuite\obj\Debug\net10.0\Lib.Db.TvpGen\Lib.Db.TvpGen.TvpAccessorGenerator\Lib_Db_Verification_Tests_TvpAllTypes_TvpRegistry.g.cs(177,29): warning CS0162: 접근할 수 없는 코드가 있습니다. [C:\Users\js\Documents\BOWOO\20251229\LIB.DB\Tests\Lib.Db.TestSuite\Lib.Db.TestSuite.csproj]
C:\Users\js\Documents\BOWOO\20251229\LIB.DB\Tests\Lib.Db.TestSuite\obj\Debug\net10.0\Lib.Db.TvpGen\Lib.Db.TvpGen.TvpAccessorGenerator\Lib_Db_Verification_Tests_TvpAllTypes_TvpRegistry.g.cs(184,29): warning CS0162: 접근할 수 없는 코드가 있습니다. [C:\Users\js\Documents\BOWOO\20251229\LIB.DB\Tests\Lib.Db.TestSuite\Lib.Db.TestSuite.csproj]
C:\Users\js\Documents\BOWOO\20251229\LIB.DB\Tests\Lib.Db.TestSuite\obj\Debug\net10.0\Lib.Db.TvpGen\Lib.Db.TvpGen.TvpAccessorGenerator\Lib_Db_Verification_Tests_TvpAllTypes_TvpRegistry.g.cs(191,29): warning CS0162: 접근할 수 없는 코드가 있습니다. [C:\Users\js\Documents\BOWOO\20251229\LIB.DB\Tests\Lib.Db.TestSuite\Lib.Db.TestSuite.csproj]
C:\Users\js\Documents\BOWOO\20251229\LIB.DB\Tests\Lib.Db.TestSuite\obj\Debug\net10.0\Lib.Db.TvpGen\Lib.Db.TvpGen.TvpAccessorGenerator\Lib_Db_Verification_Tests_TvpAllTypes_TvpRegistry.g.cs(198,29): warning CS0162: 접근할 수 없는 코드가 있습니다. [C:\Users\js\Documents\BOWOO\20251229\LIB.DB\Tests\Lib.Db.TestSuite\Lib.Db.TestSuite.csproj]
C:\Users\js\Documents\BOWOO\20251229\LIB.DB\Tests\Lib.Db.TestSuite\obj\Debug\net10.0\Lib.Db.TvpGen\Lib.Db.TvpGen.TvpAccessorGenerator\Lib_Db_Verification_Tests_TvpAllTypes_TvpRegistry.g.cs(205,29): warning CS0162: 접근할 수 없는 코드가 있습니다. [C:\Users\js\Documents\BOWOO\20251229\LIB.DB\Tests\Lib.Db.TestSuite\Lib.Db.TestSuite.csproj]
C:\Users\js\Documents\BOWOO\20251229\LIB.DB\Tests\Lib.Db.TestSuite\obj\Debug\net10.0\Lib.Db.TvpGen\Lib.Db.TvpGen.TvpAccessorGenerator\Lib_Db_Verification_Tests_TvpAllTypes_TvpRegistry.g.cs(211,34): warning CS0162: 접근할 수 없는 코드가 있습니다. [C:\Users\js\Documents\BOWOO\20251229\LIB.DB\Tests\Lib.Db.TestSuite\Lib.Db.TestSuite.csproj]
C:\Users\js\Documents\BOWOO\20251229\LIB.DB\Tests\Lib.Db.TestSuite\obj\Debug\net10.0\Lib.Db.TvpGen\Lib.Db.TvpGen.TvpAccessorGenerator\Lib_Db_Verification_Tests_TvpAllTypes_TvpRegistry.g.cs(261,17): warning CS0162: 접근할 수 없는 코드가 있습니다. [C:\Users\js\Documents\BOWOO\20251229\LIB.DB\Tests\Lib.Db.TestSuite\Lib.Db.TestSuite.csproj]
C:\Users\js\Documents\BOWOO\20251229\LIB.DB\Tests\Lib.Db.TestSuite\Integration\Executors\StrategiesTests.cs(192,82): error CS0234: 'Lib.Db.Core' 네임스페이스에 'DbInstanceId' 형식 또는 네임스페이스 이름이 없습니다. 어셈블리 참조가 있는지 확인하세요. [C:\Users\js\Documents\BOWOO\20251229\LIB.DB\Tests\Lib.Db.TestSuite\Lib.Db.TestSuite.csproj]
C:\Users\js\Documents\BOWOO\20251229\LIB.DB\Tests\Lib.Db.TestSuite\Integration\Caching\SharedMemorySecurityTests.cs(144,20): warning xUnit1031: Test methods should not use blocking task operations, as they can cause deadlocks. Use an async test method and await instead. (https://xunit.net/xunit.analyzers/rules/xUnit1031) [C:\Users\js\Documents\BOWOO\20251229\LIB.DB\Tests\Lib.Db.TestSuite\Lib.Db.TestSuite.csproj]

빌드하지 못했습니다.

C:\Program Files\dotnet\sdk\10.0.101\Microsoft.Common.CurrentVersion.targets(2437,5): warning MSB3277: 해결할 수 없는 "Microsoft.CodeAnalysis"의 다른 버전 간 충돌이 발견되었습니다. [C:\Users\js\Documents\BOWOO\20251229\LIB.DB\Tests\Lib.Db.TestSuite\Lib.Db.TestSuite.csproj]
C:\Program Files\dotnet\sdk\10.0.101\Microsoft.Common.CurrentVersion.targets(2437,5): warning MSB3277: "Microsoft.CodeAnalysis, Version=4.14.0.0, Culture=neutral, PublicKeyToken=31bf3856ad364e35"과(와) "Microsoft.CodeAnalysis, Version=5.0.0.0, Culture=neutral, PublicKeyToken=31bf3856ad364e35" 사이에 충돌이 발생했습니다. [C:\Users\js\Documents\BOWOO\20251229\LIB.DB\Tests\Lib.Db.TestSuite\Lib.Db.TestSuite.csproj]
C:\Program Files\dotnet\sdk\10.0.101\Microsoft.Common.CurrentVersion.targets(2437,5): warning MSB3277:     "Microsoft.CodeAnalysis, Version=4.14.0.0, Culture=neutral, PublicKeyToken=31bf3856ad364e35"이(가) 기본 항목이므로 선택되었습니다. "Microsoft.CodeAnalysis, Version=5.0.0.0, Culture=neutral, PublicKeyToken=31bf3856ad364e35"은(는) 기본 항목이 아닙니다. [C:\Users\js\Documents\BOWOO\20251229\LIB.DB\Tests\Lib.Db.TestSuite\Lib.Db.TestSuite.csproj]
C:\Program Files\dotnet\sdk\10.0.101\Microsoft.Common.CurrentVersion.targets(2437,5): warning MSB3277:     "Microsoft.CodeAnalysis, Version=4.14.0.0, Culture=neutral, PublicKeyToken=31bf3856ad364e35"[C:\Users\js\.nuget\packages\microsoft.codeanalysis.common\4.14.0\lib\net9.0\Microsoft.CodeAnalysis.dll]에 종속되는 참조입니다. [C:\Users\js\Documents\BOWOO\20251229\LIB.DB\Tests\Lib.Db.TestSuite\Lib.Db.TestSuite.csproj]
C:\Program Files\dotnet\sdk\10.0.101\Microsoft.Common.CurrentVersion.targets(2437,5): warning MSB3277:         C:\Users\js\.nuget\packages\microsoft.codeanalysis.common\4.14.0\lib\net9.0\Microsoft.CodeAnalysis.dll [C:\Users\js\Documents\BOWOO\20251229\LIB.DB\Tests\Lib.Db.TestSuite\Lib.Db.TestSuite.csproj]
C:\Program Files\dotnet\sdk\10.0.101\Microsoft.Common.CurrentVersion.targets(2437,5): warning MSB3277:           "C:\Users\js\.nuget\packages\microsoft.codeanalysis.common\4.14.0\lib\net9.0\Microsoft.CodeAnalysis.dll" 참조를 발생시킨 프로젝트 파일 항목 Include입니다. [C:\Users\js\Documents\BOWOO\20251229\LIB.DB\Tests\Lib.Db.TestSuite\Lib.Db.TestSuite.csproj]
C:\Program Files\dotnet\sdk\10.0.101\Microsoft.Common.CurrentVersion.targets(2437,5): warning MSB3277:             C:\Users\js\.nuget\packages\microsoft.codeanalysis.common\4.14.0\lib\net9.0\Microsoft.CodeAnalysis.dll [C:\Users\js\Documents\BOWOO\20251229\LIB.DB\Tests\Lib.Db.TestSuite\Lib.Db.TestSuite.csproj]
C:\Program Files\dotnet\sdk\10.0.101\Microsoft.Common.CurrentVersion.targets(2437,5): warning MSB3277:     "Microsoft.CodeAnalysis, Version=5.0.0.0, Culture=neutral, PublicKeyToken=31bf3856ad364e35" []에 종속되거나 통합된 참조입니다. [C:\Users\js\Documents\BOWOO\20251229\LIB.DB\Tests\Lib.Db.TestSuite\Lib.Db.TestSuite.csproj]
C:\Program Files\dotnet\sdk\10.0.101\Microsoft.Common.CurrentVersion.targets(2437,5): warning MSB3277:         C:\Users\js\Documents\BOWOO\20251229\LIB.DB\Lib.Db.TvpGen\bin\Debug\net10.0\Lib.Db.TvpGen.dll [C:\Users\js\Documents\BOWOO\20251229\LIB.DB\Tests\Lib.Db.TestSuite\Lib.Db.TestSuite.csproj]
C:\Program Files\dotnet\sdk\10.0.101\Microsoft.Common.CurrentVersion.targets(2437,5): warning MSB3277:           "C:\Users\js\Documents\BOWOO\20251229\LIB.DB\Lib.Db.TvpGen\bin\Debug\net10.0\Lib.Db.TvpGen.dll" 참조를 발생시킨 프로젝트 파일 항목 Include입니다. [C:\Users\js\Documents\BOWOO\20251229\LIB.DB\Tests\Lib.Db.TestSuite\Lib.Db.TestSuite.csproj]
C:\Program Files\dotnet\sdk\10.0.101\Microsoft.Common.CurrentVersion.targets(2437,5): warning MSB3277:             C:\Users\js\Documents\BOWOO\20251229\LIB.DB\Lib.Db.TvpGen\bin\Debug\net10.0\Lib.Db.TvpGen.dll [C:\Users\js\Documents\BOWOO\20251229\LIB.DB\Tests\Lib.Db.TestSuite\Lib.Db.TestSuite.csproj]
C:\Program Files\dotnet\sdk\10.0.101\Microsoft.Common.CurrentVersion.targets(2437,5): warning MSB3277: 해결할 수 없는 "Microsoft.CodeAnalysis.CSharp"의 다른 버전 간 충돌이 발견되었습니다. [C:\Users\js\Documents\BOWOO\20251229\LIB.DB\Tests\Lib.Db.TestSuite\Lib.Db.TestSuite.csproj]
C:\Program Files\dotnet\sdk\10.0.101\Microsoft.Common.CurrentVersion.targets(2437,5): warning MSB3277: "Microsoft.CodeAnalysis.CSharp, Version=4.14.0.0, Culture=neutral, PublicKeyToken=31bf3856ad364e35"과(와) "Microsoft.CodeAnalysis.CSharp, Version=5.0.0.0, Culture=neutral, PublicKeyToken=31bf3856ad364e35" 사이에 충돌이 발생했습니다. [C:\Users\js\Documents\BOWOO\20251229\LIB.DB\Tests\Lib.Db.TestSuite\Lib.Db.TestSuite.csproj]
C:\Program Files\dotnet\sdk\10.0.101\Microsoft.Common.CurrentVersion.targets(2437,5): warning MSB3277:     "Microsoft.CodeAnalysis.CSharp, Version=4.14.0.0, Culture=neutral, PublicKeyToken=31bf3856ad364e35"이(가) 기본 항목이므로 선택되었습니다. "Microsoft.CodeAnalysis.CSharp, Version=5.0.0.0, Culture=neutral, PublicKeyToken=31bf3856ad364e35"은(는) 기본 항목이 아닙니다. [C:\Users\js\Documents\BOWOO\20251229\LIB.DB\Tests\Lib.Db.TestSuite\Lib.Db.TestSuite.csproj]
C:\Program Files\dotnet\sdk\10.0.101\Microsoft.Common.CurrentVersion.targets(2437,5): warning MSB3277:     "Microsoft.CodeAnalysis.CSharp, Version=4.14.0.0, Culture=neutral, PublicKeyToken=31bf3856ad364e35"[C:\Users\js\.nuget\packages\microsoft.codeanalysis.csharp\4.14.0\lib\net9.0\Microsoft.CodeAnalysis.CSharp.dll]에 종속되는 참조입니다. [C:\Users\js\Documents\BOWOO\20251229\LIB.DB\Tests\Lib.Db.TestSuite\Lib.Db.TestSuite.csproj]
C:\Program Files\dotnet\sdk\10.0.101\Microsoft.Common.CurrentVersion.targets(2437,5): warning MSB3277:         C:\Users\js\.nuget\packages\microsoft.codeanalysis.csharp\4.14.0\lib\net9.0\Microsoft.CodeAnalysis.CSharp.dll [C:\Users\js\Documents\BOWOO\20251229\LIB.DB\Tests\Lib.Db.TestSuite\Lib.Db.TestSuite.csproj]
C:\Program Files\dotnet\sdk\10.0.101\Microsoft.Common.CurrentVersion.targets(2437,5): warning MSB3277:           "C:\Users\js\.nuget\packages\microsoft.codeanalysis.csharp\4.14.0\lib\net9.0\Microsoft.CodeAnalysis.CSharp.dll" 참조를 발생시킨 프로젝트 파일 항목 Include입니다. [C:\Users\js\Documents\BOWOO\20251229\LIB.DB\Tests\Lib.Db.TestSuite\Lib.Db.TestSuite.csproj]
C:\Program Files\dotnet\sdk\10.0.101\Microsoft.Common.CurrentVersion.targets(2437,5): warning MSB3277:             C:\Users\js\.nuget\packages\microsoft.codeanalysis.csharp\4.14.0\lib\net9.0\Microsoft.CodeAnalysis.CSharp.dll [C:\Users\js\Documents\BOWOO\20251229\LIB.DB\Tests\Lib.Db.TestSuite\Lib.Db.TestSuite.csproj]
C:\Program Files\dotnet\sdk\10.0.101\Microsoft.Common.CurrentVersion.targets(2437,5): warning MSB3277:     "Microsoft.CodeAnalysis.CSharp, Version=5.0.0.0, Culture=neutral, PublicKeyToken=31bf3856ad364e35" []에 종속되거나 통합된 참조입니다. [C:\Users\js\Documents\BOWOO\20251229\LIB.DB\Tests\Lib.Db.TestSuite\Lib.Db.TestSuite.csproj]
C:\Program Files\dotnet\sdk\10.0.101\Microsoft.Common.CurrentVersion.targets(2437,5): warning MSB3277:         C:\Users\js\Documents\BOWOO\20251229\LIB.DB\Lib.Db.TvpGen\bin\Debug\net10.0\Lib.Db.TvpGen.dll [C:\Users\js\Documents\BOWOO\20251229\LIB.DB\Tests\Lib.Db.TestSuite\Lib.Db.TestSuite.csproj]
C:\Program Files\dotnet\sdk\10.0.101\Microsoft.Common.CurrentVersion.targets(2437,5): warning MSB3277:           "C:\Users\js\Documents\BOWOO\20251229\LIB.DB\Lib.Db.TvpGen\bin\Debug\net10.0\Lib.Db.TvpGen.dll" 참조를 발생시킨 프로젝트 파일 항목 Include입니다. [C:\Users\js\Documents\BOWOO\20251229\LIB.DB\Tests\Lib.Db.TestSuite\Lib.Db.TestSuite.csproj]
C:\Program Files\dotnet\sdk\10.0.101\Microsoft.Common.CurrentVersion.targets(2437,5): warning MSB3277:             C:\Users\js\Documents\BOWOO\20251229\LIB.DB\Lib.Db.TvpGen\bin\Debug\net10.0\Lib.Db.TvpGen.dll [C:\Users\js\Documents\BOWOO\20251229\LIB.DB\Tests\Lib.Db.TestSuite\Lib.Db.TestSuite.csproj]
C:\Users\js\Documents\BOWOO\20251229\LIB.DB\Tests\Lib.Db.TestSuite\Aot\AotRegistryTests.cs(37,17): warning CS8602: null 가능 참조에 대한 역참조입니다. [C:\Users\js\Documents\BOWOO\20251229\LIB.DB\Tests\Lib.Db.TestSuite\Lib.Db.TestSuite.csproj]
C:\Users\js\Documents\BOWOO\20251229\LIB.DB\Tests\Lib.Db.TestSuite\obj\Debug\net10.0\Lib.Db.TvpGen\Lib.Db.TvpGen.TvpAccessorGenerator\Lib_Db_Verification_Tests_PerfBulkInsertTvp_TvpRegistry.g.cs(68,26): warning CS8604: 'void ITvpColumn<string>.Add(string value)'의 매개 변수 'value'에 대한 가능한 null 참조 인수입니다. [C:\Users\js\Documents\BOWOO\20251229\LIB.DB\Tests\Lib.Db.TestSuite\Lib.Db.TestSuite.csproj]
C:\Users\js\Documents\BOWOO\20251229\LIB.DB\Tests\Lib.Db.TestSuite\obj\Debug\net10.0\Lib.Db.TvpGen\Lib.Db.TvpGen.TvpAccessorGenerator\Lib_Db_Verification_Tests_TvpSchemaMismatch_TvpRegistry.g.cs(69,26): warning CS8604: 'void ITvpColumn<string>.Add(string value)'의 매개 변수 'value'에 대한 가능한 null 참조 인수입니다. [C:\Users\js\Documents\BOWOO\20251229\LIB.DB\Tests\Lib.Db.TestSuite\Lib.Db.TestSuite.csproj]
C:\Users\js\Documents\BOWOO\20251229\LIB.DB\Tests\Lib.Db.TestSuite\obj\Debug\net10.0\Lib.Db.TvpGen\Lib.Db.TvpGen.TvpAccessorGenerator\Lib_Db_TestSuite_Live_BulkTestItem_TvpRegistry.g.cs(68,26): warning CS8604: 'void ITvpColumn<string>.Add(string value)'의 매개 변수 'value'에 대한 가능한 null 참조 인수입니다. [C:\Users\js\Documents\BOWOO\20251229\LIB.DB\Tests\Lib.Db.TestSuite\Lib.Db.TestSuite.csproj]
C:\Users\js\Documents\BOWOO\20251229\LIB.DB\Tests\Lib.Db.TestSuite\obj\Debug\net10.0\Lib.Db.TvpGen\Lib.Db.TvpGen.TvpAccessorGenerator\Lib_Db_TestSuite_Aot_AotDto_TvpRegistry.g.cs(142,17): warning CS0162: 접근할 수 없는 코드가 있습니다. [C:\Users\js\Documents\BOWOO\20251229\LIB.DB\Tests\Lib.Db.TestSuite\Lib.Db.TestSuite.csproj]
C:\Users\js\Documents\BOWOO\20251229\LIB.DB\Tests\Lib.Db.TestSuite\obj\Debug\net10.0\Lib.Db.TvpGen\Lib.Db.TvpGen.TvpAccessorGenerator\Lib_Db_TestSuite_Aot_AotDto_TvpRegistry.g.cs(150,29): warning CS0162: 접근할 수 없는 코드가 있습니다. [C:\Users\js\Documents\BOWOO\20251229\LIB.DB\Tests\Lib.Db.TestSuite\Lib.Db.TestSuite.csproj]
C:\Users\js\Documents\BOWOO\20251229\LIB.DB\Tests\Lib.Db.TestSuite\obj\Debug\net10.0\Lib.Db.TvpGen\Lib.Db.TvpGen.TvpAccessorGenerator\Lib_Db_TestSuite_Aot_AotDto_TvpRegistry.g.cs(157,29): warning CS0162: 접근할 수 없는 코드가 있습니다. [C:\Users\js\Documents\BOWOO\20251229\LIB.DB\Tests\Lib.Db.TestSuite\Lib.Db.TestSuite.csproj]
C:\Users\js\Documents\BOWOO\20251229\LIB.DB\Tests\Lib.Db.TestSuite\obj\Debug\net10.0\Lib.Db.TvpGen\Lib.Db.TvpGen.TvpAccessorGenerator\Lib_Db_TestSuite_Aot_AotDto_TvpRegistry.g.cs(163,34): warning CS0162: 접근할 수 없는 코드가 있습니다. [C:\Users\js\Documents\BOWOO\20251229\LIB.DB\Tests\Lib.Db.TestSuite\Lib.Db.TestSuite.csproj]
C:\Users\js\Documents\BOWOO\20251229\LIB.DB\Tests\Lib.Db.TestSuite\obj\Debug\net10.0\Lib.Db.TvpGen\Lib.Db.TvpGen.TvpAccessorGenerator\Lib_Db_TestSuite_Aot_AotDto_TvpRegistry.g.cs(201,17): warning CS0162: 접근할 수 없는 코드가 있습니다. [C:\Users\js\Documents\BOWOO\20251229\LIB.DB\Tests\Lib.Db.TestSuite\Lib.Db.TestSuite.csproj]
C:\Users\js\Documents\BOWOO\20251229\LIB.DB\Tests\Lib.Db.TestSuite\obj\Debug\net10.0\Lib.Db.TvpGen\Lib.Db.TvpGen.TvpAccessorGenerator\Lib_Db_Verification_Tests_PerfBulkInsertTvp_TvpRegistry.g.cs(142,17): warning CS0162: 접근할 수 없는 코드가 있습니다. [C:\Users\js\Documents\BOWOO\20251229\LIB.DB\Tests\Lib.Db.TestSuite\Lib.Db.TestSuite.csproj]
C:\Users\js\Documents\BOWOO\20251229\LIB.DB\Tests\Lib.Db.TestSuite\obj\Debug\net10.0\Lib.Db.TvpGen\Lib.Db.TvpGen.TvpAccessorGenerator\Lib_Db_Verification_Tests_PerfBulkInsertTvp_TvpRegistry.g.cs(150,29): warning CS0162: 접근할 수 없는 코드가 있습니다. [C:\Users\js\Documents\BOWOO\20251229\LIB.DB\Tests\Lib.Db.TestSuite\Lib.Db.TestSuite.csproj]
C:\Users\js\Documents\BOWOO\20251229\LIB.DB\Tests\Lib.Db.TestSuite\obj\Debug\net10.0\Lib.Db.TvpGen\Lib.Db.TvpGen.TvpAccessorGenerator\Lib_Db_Verification_Tests_PerfBulkInsertTvp_TvpRegistry.g.cs(157,29): warning CS0162: 접근할 수 없는 코드가 있습니다. [C:\Users\js\Documents\BOWOO\20251229\LIB.DB\Tests\Lib.Db.TestSuite\Lib.Db.TestSuite.csproj]
C:\Users\js\Documents\BOWOO\20251229\LIB.DB\Tests\Lib.Db.TestSuite\obj\Debug\net10.0\Lib.Db.TvpGen\Lib.Db.TvpGen.TvpAccessorGenerator\Lib_Db_Verification_Tests_PerfBulkInsertTvp_TvpRegistry.g.cs(163,34): warning CS0162: 접근할 수 없는 코드가 있습니다. [C:\Users\js\Documents\BOWOO\20251229\LIB.DB\Tests\Lib.Db.TestSuite\Lib.Db.TestSuite.csproj]
C:\Users\js\Documents\BOWOO\20251229\LIB.DB\Tests\Lib.Db.TestSuite\obj\Debug\net10.0\Lib.Db.TvpGen\Lib.Db.TvpGen.TvpAccessorGenerator\Lib_Db_Verification_Tests_PerfBulkInsertTvp_TvpRegistry.g.cs(201,17): warning CS0162: 접근할 수 없는 코드가 있습니다. [C:\Users\js\Documents\BOWOO\20251229\LIB.DB\Tests\Lib.Db.TestSuite\Lib.Db.TestSuite.csproj]
C:\Users\js\Documents\BOWOO\20251229\LIB.DB\Tests\Lib.Db.TestSuite\obj\Debug\net10.0\Lib.Db.TvpGen\Lib.Db.TvpGen.TvpAccessorGenerator\Lib_Db_Verification_Tests_TvpNullable_TvpRegistry.g.cs(151,17): warning CS0162: 접근할 수 없는 코드가 있습니다. [C:\Users\js\Documents\BOWOO\20251229\LIB.DB\Tests\Lib.Db.TestSuite\Lib.Db.TestSuite.csproj]
C:\Users\js\Documents\BOWOO\20251229\LIB.DB\Tests\Lib.Db.TestSuite\obj\Debug\net10.0\Lib.Db.TvpGen\Lib.Db.TvpGen.TvpAccessorGenerator\Lib_Db_Verification_Tests_TvpNullable_TvpRegistry.g.cs(159,29): warning CS0162: 접근할 수 없는 코드가 있습니다. [C:\Users\js\Documents\BOWOO\20251229\LIB.DB\Tests\Lib.Db.TestSuite\Lib.Db.TestSuite.csproj]
C:\Users\js\Documents\BOWOO\20251229\LIB.DB\Tests\Lib.Db.TestSuite\obj\Debug\net10.0\Lib.Db.TvpGen\Lib.Db.TvpGen.TvpAccessorGenerator\Lib_Db_Verification_Tests_TvpNullable_TvpRegistry.g.cs(166,29): warning CS0162: 접근할 수 없는 코드가 있습니다. [C:\Users\js\Documents\BOWOO\20251229\LIB.DB\Tests\Lib.Db.TestSuite\Lib.Db.TestSuite.csproj]
C:\Users\js\Documents\BOWOO\20251229\LIB.DB\Tests\Lib.Db.TestSuite\obj\Debug\net10.0\Lib.Db.TvpGen\Lib.Db.TvpGen.TvpAccessorGenerator\Lib_Db_Verification_Tests_TvpNullable_TvpRegistry.g.cs(173,29): warning CS0162: 접근할 수 없는 코드가 있습니다. [C:\Users\js\Documents\BOWOO\20251229\LIB.DB\Tests\Lib.Db.TestSuite\Lib.Db.TestSuite.csproj]
C:\Users\js\Documents\BOWOO\20251229\LIB.DB\Tests\Lib.Db.TestSuite\obj\Debug\net10.0\Lib.Db.TvpGen\Lib.Db.TvpGen.TvpAccessorGenerator\Lib_Db_Verification_Tests_TvpNullable_TvpRegistry.g.cs(179,34): warning CS0162: 접근할 수 없는 코드가 있습니다. [C:\Users\js\Documents\BOWOO\20251229\LIB.DB\Tests\Lib.Db.TestSuite\Lib.Db.TestSuite.csproj]
C:\Users\js\Documents\BOWOO\20251229\LIB.DB\Tests\Lib.Db.TestSuite\obj\Debug\net10.0\Lib.Db.TvpGen\Lib.Db.TvpGen.TvpAccessorGenerator\Lib_Db_Verification_Tests_TvpNullable_TvpRegistry.g.cs(221,17): warning CS0162: 접근할 수 없는 코드가 있습니다. [C:\Users\js\Documents\BOWOO\20251229\LIB.DB\Tests\Lib.Db.TestSuite\Lib.Db.TestSuite.csproj]
C:\Users\js\Documents\BOWOO\20251229\LIB.DB\Tests\Lib.Db.TestSuite\obj\Debug\net10.0\Lib.Db.TvpGen\Lib.Db.TvpGen.TvpAccessorGenerator\Lib_Db_Verification_Tests_CoreUserTvp_TvpRegistry.g.cs(151,17): warning CS0162: 접근할 수 없는 코드가 있습니다. [C:\Users\js\Documents\BOWOO\20251229\LIB.DB\Tests\Lib.Db.TestSuite\Lib.Db.TestSuite.csproj]
C:\Users\js\Documents\BOWOO\20251229\LIB.DB\Tests\Lib.Db.TestSuite\obj\Debug\net10.0\Lib.Db.TvpGen\Lib.Db.TvpGen.TvpAccessorGenerator\Lib_Db_Verification_Tests_CoreUserTvp_TvpRegistry.g.cs(159,29): warning CS0162: 접근할 수 없는 코드가 있습니다. [C:\Users\js\Documents\BOWOO\20251229\LIB.DB\Tests\Lib.Db.TestSuite\Lib.Db.TestSuite.csproj]
C:\Users\js\Documents\BOWOO\20251229\LIB.DB\Tests\Lib.Db.TestSuite\obj\Debug\net10.0\Lib.Db.TvpGen\Lib.Db.TvpGen.TvpAccessorGenerator\Lib_Db_Verification_Tests_CoreUserTvp_TvpRegistry.g.cs(166,29): warning CS0162: 접근할 수 없는 코드가 있습니다. [C:\Users\js\Documents\BOWOO\20251229\LIB.DB\Tests\Lib.Db.TestSuite\Lib.Db.TestSuite.csproj]
C:\Users\js\Documents\BOWOO\20251229\LIB.DB\Tests\Lib.Db.TestSuite\obj\Debug\net10.0\Lib.Db.TvpGen\Lib.Db.TvpGen.TvpAccessorGenerator\Lib_Db_Verification_Tests_CoreUserTvp_TvpRegistry.g.cs(173,29): warning CS0162: 접근할 수 없는 코드가 있습니다. [C:\Users\js\Documents\BOWOO\20251229\LIB.DB\Tests\Lib.Db.TestSuite\Lib.Db.TestSuite.csproj]
C:\Users\js\Documents\BOWOO\20251229\LIB.DB\Tests\Lib.Db.TestSuite\obj\Debug\net10.0\Lib.Db.TvpGen\Lib.Db.TvpGen.TvpAccessorGenerator\Lib_Db_Verification_Tests_CoreUserTvp_TvpRegistry.g.cs(179,34): warning CS0162: 접근할 수 없는 코드가 있습니다. [C:\Users\js\Documents\BOWOO\20251229\LIB.DB\Tests\Lib.Db.TestSuite\Lib.Db.TestSuite.csproj]
C:\Users\js\Documents\BOWOO\20251229\LIB.DB\Tests\Lib.Db.TestSuite\obj\Debug\net10.0\Lib.Db.TvpGen\Lib.Db.TvpGen.TvpAccessorGenerator\Lib_Db_Verification_Tests_CoreUserTvp_TvpRegistry.g.cs(221,17): warning CS0162: 접근할 수 없는 코드가 있습니다. [C:\Users\js\Documents\BOWOO\20251229\LIB.DB\Tests\Lib.Db.TestSuite\Lib.Db.TestSuite.csproj]
C:\Users\js\Documents\BOWOO\20251229\LIB.DB\Tests\Lib.Db.TestSuite\obj\Debug\net10.0\Lib.Db.TvpGen\Lib.Db.TvpGen.TvpAccessorGenerator\Lib_Db_TestSuite_Live_AllTypesTvp_TvpRegistry.g.cs(169,17): warning CS0162: 접근할 수 없는 코드가 있습니다. [C:\Users\js\Documents\BOWOO\20251229\LIB.DB\Tests\Lib.Db.TestSuite\Lib.Db.TestSuite.csproj]
C:\Users\js\Documents\BOWOO\20251229\LIB.DB\Tests\Lib.Db.TestSuite\obj\Debug\net10.0\Lib.Db.TvpGen\Lib.Db.TvpGen.TvpAccessorGenerator\Lib_Db_TestSuite_Live_AllTypesTvp_TvpRegistry.g.cs(177,29): warning CS0162: 접근할 수 없는 코드가 있습니다. [C:\Users\js\Documents\BOWOO\20251229\LIB.DB\Tests\Lib.Db.TestSuite\Lib.Db.TestSuite.csproj]
C:\Users\js\Documents\BOWOO\20251229\LIB.DB\Tests\Lib.Db.TestSuite\obj\Debug\net10.0\Lib.Db.TvpGen\Lib.Db.TvpGen.TvpAccessorGenerator\Lib_Db_TestSuite_Live_AllTypesTvp_TvpRegistry.g.cs(184,29): warning CS0162: 접근할 수 없는 코드가 있습니다. [C:\Users\js\Documents\BOWOO\20251229\LIB.DB\Tests\Lib.Db.TestSuite\Lib.Db.TestSuite.csproj]
C:\Users\js\Documents\BOWOO\20251229\LIB.DB\Tests\Lib.Db.TestSuite\obj\Debug\net10.0\Lib.Db.TvpGen\Lib.Db.TvpGen.TvpAccessorGenerator\Lib_Db_TestSuite_Live_AllTypesTvp_TvpRegistry.g.cs(191,29): warning CS0162: 접근할 수 없는 코드가 있습니다. [C:\Users\js\Documents\BOWOO\20251229\LIB.DB\Tests\Lib.Db.TestSuite\Lib.Db.TestSuite.csproj]
C:\Users\js\Documents\BOWOO\20251229\LIB.DB\Tests\Lib.Db.TestSuite\obj\Debug\net10.0\Lib.Db.TvpGen\Lib.Db.TvpGen.TvpAccessorGenerator\Lib_Db_TestSuite_Live_AllTypesTvp_TvpRegistry.g.cs(198,29): warning CS0162: 접근할 수 없는 코드가 있습니다. [C:\Users\js\Documents\BOWOO\20251229\LIB.DB\Tests\Lib.Db.TestSuite\Lib.Db.TestSuite.csproj]
C:\Users\js\Documents\BOWOO\20251229\LIB.DB\Tests\Lib.Db.TestSuite\obj\Debug\net10.0\Lib.Db.TvpGen\Lib.Db.TvpGen.TvpAccessorGenerator\Lib_Db_TestSuite_Live_AllTypesTvp_TvpRegistry.g.cs(205,29): warning CS0162: 접근할 수 없는 코드가 있습니다. [C:\Users\js\Documents\BOWOO\20251229\LIB.DB\Tests\Lib.Db.TestSuite\Lib.Db.TestSuite.csproj]
C:\Users\js\Documents\BOWOO\20251229\LIB.DB\Tests\Lib.Db.TestSuite\obj\Debug\net10.0\Lib.Db.TvpGen\Lib.Db.TvpGen.TvpAccessorGenerator\Lib_Db_TestSuite_Live_AllTypesTvp_TvpRegistry.g.cs(211,34): warning CS0162: 접근할 수 없는 코드가 있습니다. [C:\Users\js\Documents\BOWOO\20251229\LIB.DB\Tests\Lib.Db.TestSuite\Lib.Db.TestSuite.csproj]
C:\Users\js\Documents\BOWOO\20251229\LIB.DB\Tests\Lib.Db.TestSuite\obj\Debug\net10.0\Lib.Db.TvpGen\Lib.Db.TvpGen.TvpAccessorGenerator\Lib_Db_TestSuite_Live_AllTypesTvp_TvpRegistry.g.cs(261,17): warning CS0162: 접근할 수 없는 코드가 있습니다. [C:\Users\js\Documents\BOWOO\20251229\LIB.DB\Tests\Lib.Db.TestSuite\Lib.Db.TestSuite.csproj]
C:\Users\js\Documents\BOWOO\20251229\LIB.DB\Tests\Lib.Db.TestSuite\obj\Debug\net10.0\Lib.Db.TvpGen\Lib.Db.TvpGen.TvpAccessorGenerator\Lib_Db_TestSuite_Live_BulkTestItem_TvpRegistry.g.cs(142,17): warning CS0162: 접근할 수 없는 코드가 있습니다. [C:\Users\js\Documents\BOWOO\20251229\LIB.DB\Tests\Lib.Db.TestSuite\Lib.Db.TestSuite.csproj]
C:\Users\js\Documents\BOWOO\20251229\LIB.DB\Tests\Lib.Db.TestSuite\obj\Debug\net10.0\Lib.Db.TvpGen\Lib.Db.TvpGen.TvpAccessorGenerator\Lib_Db_TestSuite_Live_BulkTestItem_TvpRegistry.g.cs(150,29): warning CS0162: 접근할 수 없는 코드가 있습니다. [C:\Users\js\Documents\BOWOO\20251229\LIB.DB\Tests\Lib.Db.TestSuite\Lib.Db.TestSuite.csproj]
C:\Users\js\Documents\BOWOO\20251229\LIB.DB\Tests\Lib.Db.TestSuite\obj\Debug\net10.0\Lib.Db.TvpGen\Lib.Db.TvpGen.TvpAccessorGenerator\Lib_Db_TestSuite_Live_BulkTestItem_TvpRegistry.g.cs(157,29): warning CS0162: 접근할 수 없는 코드가 있습니다. [C:\Users\js\Documents\BOWOO\20251229\LIB.DB\Tests\Lib.Db.TestSuite\Lib.Db.TestSuite.csproj]
C:\Users\js\Documents\BOWOO\20251229\LIB.DB\Tests\Lib.Db.TestSuite\obj\Debug\net10.0\Lib.Db.TvpGen\Lib.Db.TvpGen.TvpAccessorGenerator\Lib_Db_TestSuite_Live_BulkTestItem_TvpRegistry.g.cs(163,34): warning CS0162: 접근할 수 없는 코드가 있습니다. [C:\Users\js\Documents\BOWOO\20251229\LIB.DB\Tests\Lib.Db.TestSuite\Lib.Db.TestSuite.csproj]
C:\Users\js\Documents\BOWOO\20251229\LIB.DB\Tests\Lib.Db.TestSuite\obj\Debug\net10.0\Lib.Db.TvpGen\Lib.Db.TvpGen.TvpAccessorGenerator\Lib_Db_TestSuite_Live_BulkTestItem_TvpRegistry.g.cs(201,17): warning CS0162: 접근할 수 없는 코드가 있습니다. [C:\Users\js\Documents\BOWOO\20251229\LIB.DB\Tests\Lib.Db.TestSuite\Lib.Db.TestSuite.csproj]
C:\Users\js\Documents\BOWOO\20251229\LIB.DB\Tests\Lib.Db.TestSuite\Integration\Diagnostics\DbDiagnosticsTests.cs(52,43): warning CS8602: null 가능 참조에 대한 역참조입니다. [C:\Users\js\Documents\BOWOO\20251229\LIB.DB\Tests\Lib.Db.TestSuite\Lib.Db.TestSuite.csproj]
C:\Users\js\Documents\BOWOO\20251229\LIB.DB\Tests\Lib.Db.TestSuite\obj\Debug\net10.0\Lib.Db.TvpGen\Lib.Db.TvpGen.TvpAccessorGenerator\Lib_Db_Verification_Tests_TvpSchemaMismatch_TvpRegistry.g.cs(151,17): warning CS0162: 접근할 수 없는 코드가 있습니다. [C:\Users\js\Documents\BOWOO\20251229\LIB.DB\Tests\Lib.Db.TestSuite\Lib.Db.TestSuite.csproj]
C:\Users\js\Documents\BOWOO\20251229\LIB.DB\Tests\Lib.Db.TestSuite\obj\Debug\net10.0\Lib.Db.TvpGen\Lib.Db.TvpGen.TvpAccessorGenerator\Lib_Db_Verification_Tests_TvpSchemaMismatch_TvpRegistry.g.cs(159,29): warning CS0162: 접근할 수 없는 코드가 있습니다. [C:\Users\js\Documents\BOWOO\20251229\LIB.DB\Tests\Lib.Db.TestSuite\Lib.Db.TestSuite.csproj]
C:\Users\js\Documents\BOWOO\20251229\LIB.DB\Tests\Lib.Db.TestSuite\obj\Debug\net10.0\Lib.Db.TvpGen\Lib.Db.TvpGen.TvpAccessorGenerator\Lib_Db_Verification_Tests_TvpSchemaMismatch_TvpRegistry.g.cs(166,29): warning CS0162: 접근할 수 없는 코드가 있습니다. [C:\Users\js\Documents\BOWOO\20251229\LIB.DB\Tests\Lib.Db.TestSuite\Lib.Db.TestSuite.csproj]
C:\Users\js\Documents\BOWOO\20251229\LIB.DB\Tests\Lib.Db.TestSuite\obj\Debug\net10.0\Lib.Db.TvpGen\Lib.Db.TvpGen.TvpAccessorGenerator\Lib_Db_Verification_Tests_TvpSchemaMismatch_TvpRegistry.g.cs(173,29): warning CS0162: 접근할 수 없는 코드가 있습니다. [C:\Users\js\Documents\BOWOO\20251229\LIB.DB\Tests\Lib.Db.TestSuite\Lib.Db.TestSuite.csproj]
C:\Users\js\Documents\BOWOO\20251229\LIB.DB\Tests\Lib.Db.TestSuite\obj\Debug\net10.0\Lib.Db.TvpGen\Lib.Db.TvpGen.TvpAccessorGenerator\Lib_Db_Verification_Tests_TvpSchemaMismatch_TvpRegistry.g.cs(179,34): warning CS0162: 접근할 수 없는 코드가 있습니다. [C:\Users\js\Documents\BOWOO\20251229\LIB.DB\Tests\Lib.Db.TestSuite\Lib.Db.TestSuite.csproj]
C:\Users\js\Documents\BOWOO\20251229\LIB.DB\Tests\Lib.Db.TestSuite\obj\Debug\net10.0\Lib.Db.TvpGen\Lib.Db.TvpGen.TvpAccessorGenerator\Lib_Db_Verification_Tests_TvpSchemaMismatch_TvpRegistry.g.cs(221,17): warning CS0162: 접근할 수 없는 코드가 있습니다. [C:\Users\js\Documents\BOWOO\20251229\LIB.DB\Tests\Lib.Db.TestSuite\Lib.Db.TestSuite.csproj]
C:\Users\js\Documents\BOWOO\20251229\LIB.DB\Tests\Lib.Db.TestSuite\Integration\OriginalIntegration\IT01_RealDbConnectionTests.cs(43,32): warning CS8602: null 가능 참조에 대한 역참조입니다. [C:\Users\js\Documents\BOWOO\20251229\LIB.DB\Tests\Lib.Db.TestSuite\Lib.Db.TestSuite.csproj]
C:\Users\js\Documents\BOWOO\20251229\LIB.DB\Tests\Lib.Db.TestSuite\Integration\Diagnostics\DbDiagnosticsTests.cs(117,69): warning CS8600: null 리터럴 또는 가능한 null 값을 null을 허용하지 않는 형식으로 변환하는 중입니다. [C:\Users\js\Documents\BOWOO\20251229\LIB.DB\Tests\Lib.Db.TestSuite\Lib.Db.TestSuite.csproj]
C:\Users\js\Documents\BOWOO\20251229\LIB.DB\Tests\Lib.Db.TestSuite\Integration\Diagnostics\DbDiagnosticsTests.cs(118,68): warning CS8600: null 리터럴 또는 가능한 null 값을 null을 허용하지 않는 형식으로 변환하는 중입니다. [C:\Users\js\Documents\BOWOO\20251229\LIB.DB\Tests\Lib.Db.TestSuite\Lib.Db.TestSuite.csproj]
C:\Users\js\Documents\BOWOO\20251229\LIB.DB\Tests\Lib.Db.TestSuite\Integration\Diagnostics\DbDiagnosticsTests.cs(119,63): warning CS8600: null 리터럴 또는 가능한 null 값을 null을 허용하지 않는 형식으로 변환하는 중입니다. [C:\Users\js\Documents\BOWOO\20251229\LIB.DB\Tests\Lib.Db.TestSuite\Lib.Db.TestSuite.csproj]
C:\Users\js\Documents\BOWOO\20251229\LIB.DB\Tests\Lib.Db.TestSuite\Integration\Diagnostics\DbDiagnosticsTests.cs(120,69): warning CS8600: null 리터럴 또는 가능한 null 값을 null을 허용하지 않는 형식으로 변환하는 중입니다. [C:\Users\js\Documents\BOWOO\20251229\LIB.DB\Tests\Lib.Db.TestSuite\Lib.Db.TestSuite.csproj]
C:\Users\js\Documents\BOWOO\20251229\LIB.DB\Tests\Lib.Db.TestSuite\Infrastructure\SqlExceptionFactory.cs(64,16): warning SYSLIB0050: 'FormatterServices'은(는) 사용되지 않습니다. 'Formatter-based serialization is obsolete and should not be used.' (https://aka.ms/dotnet-warnings/SYSLIB0050) [C:\Users\js\Documents\BOWOO\20251229\LIB.DB\Tests\Lib.Db.TestSuite\Lib.Db.TestSuite.csproj]
C:\Users\js\Documents\BOWOO\20251229\LIB.DB\Tests\Lib.Db.TestSuite\Integration\OriginalIntegration\IT02_Perf_BulkInsert_Tvp_ShouldInsertRows_RealDb.cs(64,44): warning CS8602: null 가능 참조에 대한 역참조입니다. [C:\Users\js\Documents\BOWOO\20251229\LIB.DB\Tests\Lib.Db.TestSuite\Lib.Db.TestSuite.csproj]
C:\Users\js\Documents\BOWOO\20251229\LIB.DB\Tests\Lib.Db.TestSuite\Integration\OriginalIntegration\IT02_Perf_BulkInsert_Tvp_ShouldInsertRows_RealDb.cs(65,44): warning CS8602: null 가능 참조에 대한 역참조입니다. [C:\Users\js\Documents\BOWOO\20251229\LIB.DB\Tests\Lib.Db.TestSuite\Lib.Db.TestSuite.csproj]
C:\Users\js\Documents\BOWOO\20251229\LIB.DB\Tests\Lib.Db.TestSuite\Infrastructure\SqlExceptionFactory.cs(139,32): warning SYSLIB0050: 'FormatterServices'은(는) 사용되지 않습니다. 'Formatter-based serialization is obsolete and should not be used.' (https://aka.ms/dotnet-warnings/SYSLIB0050) [C:\Users\js\Documents\BOWOO\20251229\LIB.DB\Tests\Lib.Db.TestSuite\Lib.Db.TestSuite.csproj]
C:\Users\js\Documents\BOWOO\20251229\LIB.DB\Tests\Lib.Db.TestSuite\obj\Debug\net10.0\Lib.Db.TvpGen\Lib.Db.TvpGen.TvpAccessorGenerator\Lib_Db_Verification_Tests_TvpAllTypes_TvpRegistry.g.cs(169,17): warning CS0162: 접근할 수 없는 코드가 있습니다. [C:\Users\js\Documents\BOWOO\20251229\LIB.DB\Tests\Lib.Db.TestSuite\Lib.Db.TestSuite.csproj]
C:\Users\js\Documents\BOWOO\20251229\LIB.DB\Tests\Lib.Db.TestSuite\obj\Debug\net10.0\Lib.Db.TvpGen\Lib.Db.TvpGen.TvpAccessorGenerator\Lib_Db_Verification_Tests_TvpAllTypes_TvpRegistry.g.cs(177,29): warning CS0162: 접근할 수 없는 코드가 있습니다. [C:\Users\js\Documents\BOWOO\20251229\LIB.DB\Tests\Lib.Db.TestSuite\Lib.Db.TestSuite.csproj]
C:\Users\js\Documents\BOWOO\20251229\LIB.DB\Tests\Lib.Db.TestSuite\obj\Debug\net10.0\Lib.Db.TvpGen\Lib.Db.TvpGen.TvpAccessorGenerator\Lib_Db_Verification_Tests_TvpAllTypes_TvpRegistry.g.cs(184,29): warning CS0162: 접근할 수 없는 코드가 있습니다. [C:\Users\js\Documents\BOWOO\20251229\LIB.DB\Tests\Lib.Db.TestSuite\Lib.Db.TestSuite.csproj]
C:\Users\js\Documents\BOWOO\20251229\LIB.DB\Tests\Lib.Db.TestSuite\obj\Debug\net10.0\Lib.Db.TvpGen\Lib.Db.TvpGen.TvpAccessorGenerator\Lib_Db_Verification_Tests_TvpAllTypes_TvpRegistry.g.cs(191,29): warning CS0162: 접근할 수 없는 코드가 있습니다. [C:\Users\js\Documents\BOWOO\20251229\LIB.DB\Tests\Lib.Db.TestSuite\Lib.Db.TestSuite.csproj]
C:\Users\js\Documents\BOWOO\20251229\LIB.DB\Tests\Lib.Db.TestSuite\obj\Debug\net10.0\Lib.Db.TvpGen\Lib.Db.TvpGen.TvpAccessorGenerator\Lib_Db_Verification_Tests_TvpAllTypes_TvpRegistry.g.cs(198,29): warning CS0162: 접근할 수 없는 코드가 있습니다. [C:\Users\js\Documents\BOWOO\20251229\LIB.DB\Tests\Lib.Db.TestSuite\Lib.Db.TestSuite.csproj]
C:\Users\js\Documents\BOWOO\20251229\LIB.DB\Tests\Lib.Db.TestSuite\obj\Debug\net10.0\Lib.Db.TvpGen\Lib.Db.TvpGen.TvpAccessorGenerator\Lib_Db_Verification_Tests_TvpAllTypes_TvpRegistry.g.cs(205,29): warning CS0162: 접근할 수 없는 코드가 있습니다. [C:\Users\js\Documents\BOWOO\20251229\LIB.DB\Tests\Lib.Db.TestSuite\Lib.Db.TestSuite.csproj]
C:\Users\js\Documents\BOWOO\20251229\LIB.DB\Tests\Lib.Db.TestSuite\obj\Debug\net10.0\Lib.Db.TvpGen\Lib.Db.TvpGen.TvpAccessorGenerator\Lib_Db_Verification_Tests_TvpAllTypes_TvpRegistry.g.cs(211,34): warning CS0162: 접근할 수 없는 코드가 있습니다. [C:\Users\js\Documents\BOWOO\20251229\LIB.DB\Tests\Lib.Db.TestSuite\Lib.Db.TestSuite.csproj]
C:\Users\js\Documents\BOWOO\20251229\LIB.DB\Tests\Lib.Db.TestSuite\obj\Debug\net10.0\Lib.Db.TvpGen\Lib.Db.TvpGen.TvpAccessorGenerator\Lib_Db_Verification_Tests_TvpAllTypes_TvpRegistry.g.cs(261,17): warning CS0162: 접근할 수 없는 코드가 있습니다. [C:\Users\js\Documents\BOWOO\20251229\LIB.DB\Tests\Lib.Db.TestSuite\Lib.Db.TestSuite.csproj]
C:\Users\js\Documents\BOWOO\20251229\LIB.DB\Tests\Lib.Db.TestSuite\Integration\Caching\SharedMemorySecurityTests.cs(144,20): warning xUnit1031: Test methods should not use blocking task operations, as they can cause deadlocks. Use an async test method and await instead. (https://xunit.net/xunit.analyzers/rules/xUnit1031) [C:\Users\js\Documents\BOWOO\20251229\LIB.DB\Tests\Lib.Db.TestSuite\Lib.Db.TestSuite.csproj]
C:\Users\js\Documents\BOWOO\20251229\LIB.DB\Tests\Lib.Db.TestSuite\Integration\Executors\StrategiesTests.cs(192,82): error CS0234: 'Lib.Db.Core' 네임스페이스에 'DbInstanceId' 형식 또는 네임스페이스 이름이 없습니다. 어셈블리 참조가 있는지 확인하세요. [C:\Users\js\Documents\BOWOO\20251229\LIB.DB\Tests\Lib.Db.TestSuite\Lib.Db.TestSuite.csproj]
    경고 66개
    오류 1개

경과 시간: 00:00:01.52
